{2014/06/11 10:35:52} [Info] PagSeguroPaymentService.Register(PagSeguroPaymentRequest: array (
  'Reference' => 'gKupR2',
  'SenderEmail' => 'edison.junior@s2it.com.br',
)) - begin 
{2014/06/11 10:35:54} [Info] PagSeguroPaymentService.Register(PagSeguroPaymentRequest: array (
  'Reference' => 'gKupR2',
  'SenderEmail' => 'edison.junior@s2it.com.br',
)) - end {1}591C65127272D9FBB431EF82BC8E52D9 
{2014/06/11 10:37:57} [Info] PagSeguroPaymentService.Register(PagSeguroPaymentRequest: array (
  'Reference' => 'gKupR3',
  'SenderEmail' => 'edison.junior@s2it.com.br',
)) - begin 
{2014/06/11 10:37:58} [Info] PagSeguroPaymentService.Register(PagSeguroPaymentRequest: array (
  'Reference' => 'gKupR3',
  'SenderEmail' => 'edison.junior@s2it.com.br',
)) - end {1}41BB36C5ACAC643664DF2F81B85101D8 
{2014/06/11 10:39:09} [Info] PagSeguroPaymentService.Register(PagSeguroPaymentRequest: array (
  'Reference' => 'gKupR4',
  'SenderEmail' => 'edison.junior@s2it.com.br',
)) - begin 
{2014/06/11 10:39:15} [Info] PagSeguroPaymentService.Register(PagSeguroPaymentRequest: array (
  'Reference' => 'gKupR4',
  'SenderEmail' => 'edison.junior@s2it.com.br',
)) - end {1}6E1BA26B8D8D40E994070FA09343275A 
{2014/06/11 10:39:43} [Info] PagSeguroConciliation.Register( 'Alteração de Status da compra '2' para o Status 'Aguardando pagamento(1)' - '11/06/2014 10:39') - end 
{2014/06/11 10:48:48} [Info] PagSeguroPaymentService.Register(PagSeguroPaymentRequest: array (
  'Reference' => 'gKupR5',
  'SenderEmail' => 'edison.junior@s2it.com.br',
)) - begin 
{2014/06/11 10:48:55} [Info] PagSeguroPaymentService.Register(PagSeguroPaymentRequest: array (
  'Reference' => 'gKupR5',
  'SenderEmail' => 'edison.junior@s2it.com.br',
)) - end {1}47568BF63535B4FAA4EA9F8F8048A560 
{2014/06/11 10:49:55} [Info] PagSeguroPaymentService.Register(PagSeguroPaymentRequest: array (
  'Reference' => 'gKupR6',
  'SenderEmail' => 'edison.junior@s2it.com.br',
)) - begin 
{2014/06/11 10:50:01} [Info] PagSeguroPaymentService.Register(PagSeguroPaymentRequest: array (
  'Reference' => 'gKupR6',
  'SenderEmail' => 'edison.junior@s2it.com.br',
)) - end {1}48FA1A547A7AE7055432FFB8CAA353E7 
{2014/06/11 10:51:15} [Info] PagSeguroPaymentService.Register(PagSeguroPaymentRequest: array (
  'Reference' => 'gKupR7',
  'SenderEmail' => 'edison.junior@s2it.com.br',
)) - begin 
{2014/06/11 10:51:21} [Info] PagSeguroPaymentService.Register(PagSeguroPaymentRequest: array (
  'Reference' => 'gKupR7',
  'SenderEmail' => 'edison.junior@s2it.com.br',
)) - end {1}82413E4F62628E4664178F86469D65EE 
{2014/06/11 10:52:41} [Info] PagSeguroPaymentService.Register(PagSeguroPaymentRequest: array (
  'Reference' => 'gKupR8',
  'SenderEmail' => 'edison.junior@s2it.com.br',
)) - begin 
{2014/06/11 10:52:47} [Info] PagSeguroPaymentService.Register(PagSeguroPaymentRequest: array (
  'Reference' => 'gKupR8',
  'SenderEmail' => 'edison.junior@s2it.com.br',
)) - end {1}D0867F4E5A5A91E00456EFA39C9EFBF9 
{2014/06/11 10:54:02} [Info] PagSeguroConciliation.Register( 'Alteração de Status da compra '7' para o Status 'Paga(3)' - '11/06/2014 10:54') - end 
{2014/06/11 10:54:32} [Info] PagSeguroPaymentService.Register(PagSeguroPaymentRequest: array (
  'Reference' => 'gKupR9',
  'SenderEmail' => 'edison.junior@s2it.com.br',
)) - begin 
{2014/06/11 10:54:33} [Info] PagSeguroPaymentService.Register(PagSeguroPaymentRequest: array (
  'Reference' => 'gKupR9',
  'SenderEmail' => 'edison.junior@s2it.com.br',
)) - end {1}6E98B57CFDFD1820047A6F892F6BD950 
{2014/06/11 10:56:29} [Info] PagSeguroPaymentService.Register(PagSeguroPaymentRequest: array (
  'Reference' => 'gKupR10',
  'SenderEmail' => 'edison.junior@s2it.com.br',
)) - begin 
{2014/06/11 10:56:30} [Info] PagSeguroPaymentService.Register(PagSeguroPaymentRequest: array (
  'Reference' => 'gKupR10',
  'SenderEmail' => 'edison.junior@s2it.com.br',
)) - end {1}37E7B920D1D1352004C1EF92EF4E0191 
{2014/06/11 10:57:58} [Info] PagSeguroPaymentService.Register(PagSeguroPaymentRequest: array (
  'Reference' => 'gKupR11',
  'SenderEmail' => 'edison.junior@s2it.com.br',
)) - begin 
{2014/06/11 10:57:59} [Error] PagSeguroPaymentService.Register(PagSeguroPaymentRequest: array (
  'Reference' => 'gKupR11',
  'SenderEmail' => 'edison.junior@s2it.com.br',
)) - error [HTTP 400] - BAD_REQUEST 0 [11035] - Item weight invalid Value: 1360.0000143051 
{2014/06/11 11:00:41} [Info] PagSeguroPaymentService.Register(PagSeguroPaymentRequest: array (
  'Reference' => 'gKupR13',
  'SenderEmail' => 'edison.junior@s2it.com.br',
)) - begin 
{2014/06/11 11:00:42} [Info] PagSeguroPaymentService.Register(PagSeguroPaymentRequest: array (
  'Reference' => 'gKupR13',
  'SenderEmail' => 'edison.junior@s2it.com.br',
)) - end {1}10C99B8D1717DF8EE4D84F88EB5098EF 
{2014/06/11 11:01:54} [Info] PagSeguroPaymentService.Register(PagSeguroPaymentRequest: array (
  'Reference' => 'gKupR14',
  'SenderEmail' => 'edison.junior@s2it.com.br',
)) - begin 
{2014/06/11 11:02:00} [Info] PagSeguroPaymentService.Register(PagSeguroPaymentRequest: array (
  'Reference' => 'gKupR14',
  'SenderEmail' => 'edison.junior@s2it.com.br',
)) - end {1}406203AEC1C1E7C884519F9D10C073EC 
{2014/06/11 11:03:23} [Info] PagSeguroPaymentService.Register(PagSeguroPaymentRequest: array (
  'Reference' => 'gKupR16',
  'SenderEmail' => 'edison.junior@s2it.com.br',
)) - begin 
{2014/06/11 11:03:24} [Info] PagSeguroPaymentService.Register(PagSeguroPaymentRequest: array (
  'Reference' => 'gKupR16',
  'SenderEmail' => 'edison.junior@s2it.com.br',
)) - end {1}8A6716AB8C8C74B884A71F8656FEF595 
{2014/06/11 11:04:35} [Info] PagSeguroPaymentService.Register(PagSeguroPaymentRequest: array (
  'Reference' => 'gKupR17',
  'SenderEmail' => 'edison.junior@s2it.com.br',
)) - begin 
{2014/06/11 11:04:35} [Info] PagSeguroPaymentService.Register(PagSeguroPaymentRequest: array (
  'Reference' => 'gKupR17',
  'SenderEmail' => 'edison.junior@s2it.com.br',
)) - end {1}A08EC3282525ACFCC438BFAC6F25E30F 
{2014/06/11 11:06:16} [Info] PagSeguroPaymentService.Register(PagSeguroPaymentRequest: array (
  'Reference' => 'gKupR18',
  'SenderEmail' => 'edison.junior@s2it.com.br',
)) - begin 
{2014/06/11 11:06:20} [Info] PagSeguroPaymentService.Register(PagSeguroPaymentRequest: array (
  'Reference' => 'gKupR18',
  'SenderEmail' => 'edison.junior@s2it.com.br',
)) - end {1}376819482727EA4774383FAC45279651 
{2014/06/11 11:35:58} [Info] PagSeguroConciliation.Register( 'Alteração de Status da compra '14' para o Status 'Paga(3)' - '11/06/2014 11:35') - end 
{2014/06/11 11:36:42} [Info] PagSeguroConciliation.Register( 'Alteração de Status da compra '18' para o Status 'Aguardando pagamento(1)' - '11/06/2014 11:36') - end 
{2014/06/11 11:41:06} [Info] PagSeguroConciliation.Register( 'Alteração de Status da compra '16' para o Status 'Aguardando pagamento(1)' - '11/06/2014 11:41') - end 
{2014/06/11 11:42:11} [Info] PagSeguroConciliation.Register( 'Alteração de Status da compra '10' para o Status 'Aguardando pagamento(1)' - '11/06/2014 11:42') - end 
{2014/06/11 11:54:59} [Info] PagSeguroConciliation.Register( 'Alteração de Status da compra '5' para o Status 'Aguardando pagamento(1)' - '11/06/2014 11:54') - end 
{2014/06/11 14:20:26} [Info] PagSeguroPaymentService.Register(PagSeguroPaymentRequest: array (
  'Reference' => 'gKupR19',
  'SenderEmail' => 'edison.junior@s2it.com.br',
)) - begin 
{2014/06/11 14:20:27} [Info] PagSeguroPaymentService.Register(PagSeguroPaymentRequest: array (
  'Reference' => 'gKupR19',
  'SenderEmail' => 'edison.junior@s2it.com.br',
)) - end {1}F0E7E2599F9F922EE4F62FA8CD67DCFB 
{2014/06/12 09:00:03} [Info] PagSeguroPaymentService.Register(PagSeguroPaymentRequest: array (
  'Reference' => 'gKupR20',
  'SenderEmail' => 'edison.junior@s2it.com.br',
)) - begin 
{2014/06/12 09:00:06} [Info] PagSeguroPaymentService.Register(PagSeguroPaymentRequest: array (
  'Reference' => 'gKupR20',
  'SenderEmail' => 'edison.junior@s2it.com.br',
)) - end {1}FCC2A563BEBE5C6EE4682FB01A288B59 
{2014/07/29 11:26:02} [Info] PagSeguroConciliation.Search( 'Pesquisa de conciliação realizada em 29/07/2014 11:26 em um intervalo de 30 dias.') 
{2014/07/29 11:26:02} [Info] PagSeguroTransactionSearchService.SearchByDate(initialDate=2014-06-29T00:00, finalDate=2014-07-29T10:26) - begin 
{2014/07/29 11:26:07} [Info] PagSeguroTransactionSearchService.SearchByDate(initialDate=2014-06-29T00:00, finalDate=2014-07-29T10:26) - end PagSeguroTransactionSearchResult: array (
  'Date' => '2014-07-29T10:26:07.000-03:00',
  'CurrentPage' => '1',
  'TotalPages' => '1',
  'Transactions in this page' => '20',
) 
{2014/07/29 12:35:58} [Info] PagSeguroConciliation.Search( 'Pesquisa de conciliação realizada em 29/07/2014 12:35 em um intervalo de 30 dias.') 
{2014/07/29 12:35:58} [Info] PagSeguroTransactionSearchService.SearchByDate(initialDate=2014-06-29T00:00, finalDate=2014-07-29T11:35) - begin 
{2014/07/29 12:35:59} [Info] PagSeguroTransactionSearchService.SearchByDate(initialDate=2014-06-29T00:00, finalDate=2014-07-29T11:35) - end PagSeguroTransactionSearchResult: array (
  'Date' => '2014-07-29T11:35:59.000-03:00',
  'CurrentPage' => '1',
  'TotalPages' => '1',
  'Transactions in this page' => '20',
) 
{2014/07/29 12:39:02} [Info] PagSeguroConciliation.Search( 'Pesquisa de conciliação realizada em 29/07/2014 12:39 em um intervalo de 30 dias.') 
{2014/07/29 12:39:02} [Info] PagSeguroTransactionSearchService.SearchByDate(initialDate=2014-06-29T00:00, finalDate=2014-07-29T11:39) - begin 
{2014/07/29 12:39:03} [Info] PagSeguroTransactionSearchService.SearchByDate(initialDate=2014-06-29T00:00, finalDate=2014-07-29T11:39) - end PagSeguroTransactionSearchResult: array (
  'Date' => '2014-07-29T11:39:02.000-03:00',
  'CurrentPage' => '1',
  'TotalPages' => '1',
  'Transactions in this page' => '20',
) 
{2014/07/29 12:39:57} [Info] PagSeguroConciliation.Search( 'Pesquisa de conciliação realizada em 29/07/2014 12:39 em um intervalo de 30 dias.') 
{2014/07/29 12:39:57} [Info] PagSeguroTransactionSearchService.SearchByDate(initialDate=2014-06-29T00:00, finalDate=2014-07-29T11:39) - begin 
{2014/07/29 12:39:58} [Info] PagSeguroTransactionSearchService.SearchByDate(initialDate=2014-06-29T00:00, finalDate=2014-07-29T11:39) - end PagSeguroTransactionSearchResult: array (
  'Date' => '2014-07-29T11:39:58.000-03:00',
  'CurrentPage' => '1',
  'TotalPages' => '1',
  'Transactions in this page' => '20',
) 
{2014/07/29 12:44:12} [Info] PagSeguroConciliation.Search( 'Pesquisa de conciliação realizada em 29/07/2014 12:44 em um intervalo de 30 dias.') 
{2014/07/29 12:44:12} [Info] PagSeguroTransactionSearchService.SearchByDate(initialDate=2014-06-29T00:00, finalDate=2014-07-29T11:44) - begin 
{2014/07/29 12:44:13} [Info] PagSeguroTransactionSearchService.SearchByDate(initialDate=2014-06-29T00:00, finalDate=2014-07-29T11:44) - end PagSeguroTransactionSearchResult: array (
  'Date' => '2014-07-29T11:44:12.000-03:00',
  'CurrentPage' => '1',
  'TotalPages' => '1',
  'Transactions in this page' => '20',
) 
{2014/07/29 12:46:30} [Info] PagSeguroConciliation.Search( 'Pesquisa de conciliação realizada em 29/07/2014 12:46 em um intervalo de 30 dias.') 
{2014/07/29 12:46:30} [Info] PagSeguroTransactionSearchService.SearchByDate(initialDate=2014-06-29T00:00, finalDate=2014-07-29T11:46) - begin 
{2014/07/29 12:46:30} [Info] PagSeguroTransactionSearchService.SearchByDate(initialDate=2014-06-29T00:00, finalDate=2014-07-29T11:46) - end PagSeguroTransactionSearchResult: array (
  'Date' => '2014-07-29T11:46:30.000-03:00',
  'CurrentPage' => '1',
  'TotalPages' => '1',
  'Transactions in this page' => '20',
) 
{2014/07/29 12:48:22} [Info] PagSeguroConciliation.Search( 'Pesquisa de conciliação realizada em 29/07/2014 12:48 em um intervalo de 30 dias.') 
{2014/07/29 12:48:22} [Info] PagSeguroTransactionSearchService.SearchByDate(initialDate=2014-06-29T00:00, finalDate=2014-07-29T11:48) - begin 
{2014/07/29 12:48:23} [Info] PagSeguroTransactionSearchService.SearchByDate(initialDate=2014-06-29T00:00, finalDate=2014-07-29T11:48) - end PagSeguroTransactionSearchResult: array (
  'Date' => '2014-07-29T11:48:22.000-03:00',
  'CurrentPage' => '1',
  'TotalPages' => '1',
  'Transactions in this page' => '20',
) 
{2014/07/29 12:49:51} [Info] PagSeguroConciliation.Search( 'Pesquisa de conciliação realizada em 29/07/2014 12:49 em um intervalo de 30 dias.') 
{2014/07/29 12:49:51} [Info] PagSeguroTransactionSearchService.SearchByDate(initialDate=2014-06-29T00:00, finalDate=2014-07-29T11:49) - begin 
{2014/07/29 12:49:52} [Info] PagSeguroTransactionSearchService.SearchByDate(initialDate=2014-06-29T00:00, finalDate=2014-07-29T11:49) - end PagSeguroTransactionSearchResult: array (
  'Date' => '2014-07-29T11:49:52.000-03:00',
  'CurrentPage' => '1',
  'TotalPages' => '1',
  'Transactions in this page' => '20',
) 
{2014/07/29 12:51:08} [Info] PagSeguroConciliation.Search( 'Pesquisa de conciliação realizada em 29/07/2014 12:51 em um intervalo de 30 dias.') 
{2014/07/29 12:51:08} [Info] PagSeguroTransactionSearchService.SearchByDate(initialDate=2014-06-29T00:00, finalDate=2014-07-29T11:51) - begin 
{2014/07/29 12:51:08} [Info] PagSeguroTransactionSearchService.SearchByDate(initialDate=2014-06-29T00:00, finalDate=2014-07-29T11:51) - end PagSeguroTransactionSearchResult: array (
  'Date' => '2014-07-29T11:51:08.000-03:00',
  'CurrentPage' => '1',
  'TotalPages' => '1',
  'Transactions in this page' => '20',
) 
{2014/07/29 12:52:23} [Info] PagSeguroConciliation.Search( 'Pesquisa de conciliação realizada em 29/07/2014 12:52 em um intervalo de 30 dias.') 
{2014/07/29 12:52:23} [Info] PagSeguroTransactionSearchService.SearchByDate(initialDate=2014-06-29T00:00, finalDate=2014-07-29T11:52) - begin 
{2014/07/29 12:52:24} [Info] PagSeguroTransactionSearchService.SearchByDate(initialDate=2014-06-29T00:00, finalDate=2014-07-29T11:52) - end PagSeguroTransactionSearchResult: array (
  'Date' => '2014-07-29T11:52:24.000-03:00',
  'CurrentPage' => '1',
  'TotalPages' => '1',
  'Transactions in this page' => '20',
) 
{2014/07/29 12:52:49} [Info] PagSeguroConciliation.Search( 'Pesquisa de conciliação realizada em 29/07/2014 12:52 em um intervalo de 30 dias.') 
{2014/07/29 12:52:49} [Info] PagSeguroTransactionSearchService.SearchByDate(initialDate=2014-06-29T00:00, finalDate=2014-07-29T11:52) - begin 
{2014/07/29 12:52:53} [Info] PagSeguroTransactionSearchService.SearchByDate(initialDate=2014-06-29T00:00, finalDate=2014-07-29T11:52) - end PagSeguroTransactionSearchResult: array (
  'Date' => '2014-07-29T11:52:53.000-03:00',
  'CurrentPage' => '1',
  'TotalPages' => '1',
  'Transactions in this page' => '20',
) 
{2014/07/29 12:53:29} [Info] PagSeguroConciliation.Search( 'Pesquisa de conciliação realizada em 29/07/2014 12:53 em um intervalo de 30 dias.') 
{2014/07/29 12:53:29} [Info] PagSeguroTransactionSearchService.SearchByDate(initialDate=2014-06-29T00:00, finalDate=2014-07-29T11:53) - begin 
{2014/07/29 12:53:30} [Info] PagSeguroTransactionSearchService.SearchByDate(initialDate=2014-06-29T00:00, finalDate=2014-07-29T11:53) - end PagSeguroTransactionSearchResult: array (
  'Date' => '2014-07-29T11:53:30.000-03:00',
  'CurrentPage' => '1',
  'TotalPages' => '1',
  'Transactions in this page' => '20',
) 
{2014/07/29 12:53:48} [Info] PagSeguroConciliation.Search( 'Pesquisa de conciliação realizada em 29/07/2014 12:53 em um intervalo de 30 dias.') 
{2014/07/29 12:53:48} [Info] PagSeguroTransactionSearchService.SearchByDate(initialDate=2014-06-29T00:00, finalDate=2014-07-29T11:53) - begin 
{2014/07/29 12:53:49} [Info] PagSeguroTransactionSearchService.SearchByDate(initialDate=2014-06-29T00:00, finalDate=2014-07-29T11:53) - end PagSeguroTransactionSearchResult: array (
  'Date' => '2014-07-29T11:53:49.000-03:00',
  'CurrentPage' => '1',
  'TotalPages' => '1',
  'Transactions in this page' => '20',
) 
{2014/07/29 12:54:01} [Info] PagSeguroConciliation.Search( 'Pesquisa de conciliação realizada em 29/07/2014 12:54 em um intervalo de 30 dias.') 
{2014/07/29 12:54:01} [Info] PagSeguroTransactionSearchService.SearchByDate(initialDate=2014-06-29T00:00, finalDate=2014-07-29T11:54) - begin 
{2014/07/29 12:54:02} [Info] PagSeguroTransactionSearchService.SearchByDate(initialDate=2014-06-29T00:00, finalDate=2014-07-29T11:54) - end PagSeguroTransactionSearchResult: array (
  'Date' => '2014-07-29T11:54:01.000-03:00',
  'CurrentPage' => '1',
  'TotalPages' => '1',
  'Transactions in this page' => '20',
) 
{2014/07/29 12:54:26} [Info] PagSeguroConciliation.Search( 'Pesquisa de conciliação realizada em 29/07/2014 12:54 em um intervalo de 30 dias.') 
{2014/07/29 12:54:26} [Info] PagSeguroTransactionSearchService.SearchByDate(initialDate=2014-06-29T00:00, finalDate=2014-07-29T11:54) - begin 
{2014/07/29 12:54:27} [Info] PagSeguroTransactionSearchService.SearchByDate(initialDate=2014-06-29T00:00, finalDate=2014-07-29T11:54) - end PagSeguroTransactionSearchResult: array (
  'Date' => '2014-07-29T11:54:27.000-03:00',
  'CurrentPage' => '1',
  'TotalPages' => '1',
  'Transactions in this page' => '20',
) 
{2014/07/29 12:54:49} [Info] PagSeguroConciliation.Search( 'Pesquisa de conciliação realizada em 29/07/2014 12:54 em um intervalo de 30 dias.') 
{2014/07/29 12:54:49} [Info] PagSeguroTransactionSearchService.SearchByDate(initialDate=2014-06-29T00:00, finalDate=2014-07-29T11:54) - begin 
{2014/07/29 12:54:50} [Info] PagSeguroTransactionSearchService.SearchByDate(initialDate=2014-06-29T00:00, finalDate=2014-07-29T11:54) - end PagSeguroTransactionSearchResult: array (
  'Date' => '2014-07-29T11:54:50.000-03:00',
  'CurrentPage' => '1',
  'TotalPages' => '1',
  'Transactions in this page' => '20',
) 
{2014/07/29 12:56:09} [Info] PagSeguroConciliation.Search( 'Pesquisa de conciliação realizada em 29/07/2014 12:56 em um intervalo de 30 dias.') 
{2014/07/29 12:56:09} [Info] PagSeguroTransactionSearchService.SearchByDate(initialDate=2014-06-29T00:00, finalDate=2014-07-29T11:56) - begin 
{2014/07/29 12:56:10} [Info] PagSeguroTransactionSearchService.SearchByDate(initialDate=2014-06-29T00:00, finalDate=2014-07-29T11:56) - end PagSeguroTransactionSearchResult: array (
  'Date' => '2014-07-29T11:56:10.000-03:00',
  'CurrentPage' => '1',
  'TotalPages' => '1',
  'Transactions in this page' => '20',
) 
{2014/07/29 13:04:08} [Info] PagSeguroConciliation.Search( 'Pesquisa de conciliação realizada em 29/07/2014 13:04 em um intervalo de 30 dias.') 
{2014/07/29 13:04:08} [Info] PagSeguroTransactionSearchService.SearchByDate(initialDate=2014-06-29T00:00, finalDate=2014-07-29T12:04) - begin 
{2014/07/29 13:04:10} [Info] PagSeguroTransactionSearchService.SearchByDate(initialDate=2014-06-29T00:00, finalDate=2014-07-29T12:04) - end PagSeguroTransactionSearchResult: array (
  'Date' => '2014-07-29T12:04:09.000-03:00',
  'CurrentPage' => '1',
  'TotalPages' => '1',
  'Transactions in this page' => '20',
) 
{2014/07/29 13:06:26} [Info] PagSeguroConciliation.Search( 'Pesquisa de conciliação realizada em 29/07/2014 13:06 em um intervalo de 30 dias.') 
{2014/07/29 13:06:26} [Info] PagSeguroTransactionSearchService.SearchByDate(initialDate=2014-06-29T00:00, finalDate=2014-07-29T12:06) - begin 
{2014/07/29 13:06:27} [Info] PagSeguroTransactionSearchService.SearchByDate(initialDate=2014-06-29T00:00, finalDate=2014-07-29T12:06) - end PagSeguroTransactionSearchResult: array (
  'Date' => '2014-07-29T12:06:27.000-03:00',
  'CurrentPage' => '1',
  'TotalPages' => '1',
  'Transactions in this page' => '20',
) 
{2014/07/29 13:21:38} [Info] PagSeguroConciliation.Search( 'Pesquisa de conciliação realizada em 29/07/2014 13:21 em um intervalo de 30 dias.') 
{2014/07/29 13:21:38} [Info] PagSeguroTransactionSearchService.SearchByDate(initialDate=2014-06-29T00:00, finalDate=2014-07-29T12:21) - begin 
{2014/07/29 13:21:39} [Info] PagSeguroTransactionSearchService.SearchByDate(initialDate=2014-06-29T00:00, finalDate=2014-07-29T12:21) - end PagSeguroTransactionSearchResult: array (
  'Date' => '2014-07-29T12:21:38.000-03:00',
  'CurrentPage' => '1',
  'TotalPages' => '1',
  'Transactions in this page' => '20',
) 
{2014/07/29 13:21:52} [Info] PagSeguroAbandoned.Search( 'Pesquisa de transações abandonadas realizada em 29/07/2014 13:21.') 
{2014/07/29 13:25:35} [Info] PagSeguroAbandoned.Search( 'Pesquisa de transações abandonadas realizada em 29/07/2014 13:25.') 
{2014/07/29 13:25:54} [Info] PagSeguroAbandoned.Search( 'Pesquisa de transações abandonadas realizada em 29/07/2014 13:25.') 
{2014/07/29 13:26:25} [Info] PagSeguroAbandoned.Search( 'Pesquisa de transações abandonadas realizada em 29/07/2014 13:26.') 
{2014/07/29 13:27:17} [Info] PagSeguroAbandoned.Search( 'Pesquisa de transações abandonadas realizada em 29/07/2014 13:27.') 
{2014/07/29 13:30:58} [Info] PagSeguroAbandoned.Search( 'Pesquisa de transações abandonadas realizada em 29/07/2014 13:30.') 
{2014/07/29 13:31:42} [Info] PagSeguroAbandoned.Search( 'Pesquisa de transações abandonadas realizada em 29/07/2014 13:31.') 
{2014/07/29 14:01:32} [Info] PagSeguroPaymentService.Register(PagSeguroPaymentRequest: array (
  'Reference' => 'DkFUP13',
  'SenderEmail' => 'edison.junior@s2it.com.br',
)) - begin 
{2014/07/29 14:01:34} [Info] PagSeguroPaymentService.Register(PagSeguroPaymentRequest: array (
  'Reference' => 'DkFUP13',
  'SenderEmail' => 'edison.junior@s2it.com.br',
)) - end {1}F71FDCAEABAB55C114DF5FB332720A3B 
{2014/07/29 14:21:55} [Info] PagSeguroAbandoned.Search( 'Pesquisa de transações abandonadas realizada em 29/07/2014 14:21.') 
{2014/07/29 14:23:00} [Info] PagSeguroAbandoned.Search( 'Pesquisa de transações abandonadas realizada em 29/07/2014 14:23.') 
{2014/07/29 15:53:25} [Info] PagSeguroAbandoned.Search( 'Pesquisa de transações abandonadas realizada em 29/07/2014 15:53.') 
{2014/07/29 16:21:39} [Info] PagSeguroAbandoned.Search( 'Pesquisa de transações abandonadas realizada em 29/07/2014 16:21.') 
{2014/07/29 16:24:35} [Info] PagSeguroAbandoned.Search( 'Pesquisa de transações abandonadas realizada em 29/07/2014 16:24.') 
{2014/07/29 16:25:18} [Info] PagSeguroAbandoned.Search( 'Pesquisa de transações abandonadas realizada em 29/07/2014 16:25.') 
{2014/07/29 16:27:21} [Info] PagSeguroAbandoned.Search( 'Pesquisa de transações abandonadas realizada em 29/07/2014 16:27.') 
{2014/07/29 16:28:57} [Info] PagSeguroAbandoned.Search( 'Pesquisa de transações abandonadas realizada em 29/07/2014 16:28.') 
{2014/07/29 16:29:26} [Info] PagSeguroAbandoned.Search( 'Pesquisa de transações abandonadas realizada em 29/07/2014 16:29.') 
{2014/07/29 16:30:02} [Info] PagSeguroAbandoned.Search( 'Pesquisa de transações abandonadas realizada em 29/07/2014 16:30.') 
{2014/07/29 16:31:09} [Info] PagSeguroAbandoned.Search( 'Pesquisa de transações abandonadas realizada em 29/07/2014 16:31.') 
{2014/07/29 16:31:56} [Info] PagSeguroAbandoned.Search( 'Pesquisa de transações abandonadas realizada em 29/07/2014 16:31.') 
{2014/07/29 16:33:42} [Info] PagSeguroAbandoned.Search( 'Pesquisa de transações abandonadas realizada em 29/07/2014 16:33.') 
{2014/07/29 16:35:45} [Info] PagSeguroAbandoned.Search( 'Pesquisa de transações abandonadas realizada em 29/07/2014 16:35.') 
{2014/07/29 16:36:22} [Info] PagSeguroAbandoned.Search( 'Pesquisa de transações abandonadas realizada em 29/07/2014 16:36.') 
{2014/07/29 16:37:29} [Info] PagSeguroAbandoned.Search( 'Pesquisa de transações abandonadas realizada em 29/07/2014 16:37.') 
{2014/07/29 16:38:00} [Info] PagSeguroAbandoned.Search( 'Pesquisa de transações abandonadas realizada em 29/07/2014 16:38.') 
{2014/07/29 16:39:19} [Info] PagSeguroAbandoned.Search( 'Pesquisa de transações abandonadas realizada em 29/07/2014 16:39.') 
{2014/07/29 16:40:04} [Info] PagSeguroAbandoned.Search( 'Pesquisa de transações abandonadas realizada em 29/07/2014 16:40.') 
{2014/07/29 16:40:27} [Info] PagSeguroAbandoned.Search( 'Pesquisa de transações abandonadas realizada em 29/07/2014 16:40.') 
{2014/07/29 16:41:15} [Info] PagSeguroAbandoned.Search( 'Pesquisa de transações abandonadas realizada em 29/07/2014 16:41.') 
{2014/07/29 16:41:41} [Info] PagSeguroAbandoned.Search( 'Pesquisa de transações abandonadas realizada em 29/07/2014 16:41.') 
{2014/07/29 16:42:20} [Info] PagSeguroAbandoned.Search( 'Pesquisa de transações abandonadas realizada em 29/07/2014 16:42.') 
{2014/07/29 16:42:59} [Info] PagSeguroAbandoned.Search( 'Pesquisa de transações abandonadas realizada em 29/07/2014 16:42.') 
{2014/07/29 16:54:42} [Info] PagSeguroAbandoned.Search( 'Pesquisa de transações abandonadas realizada em 29/07/2014 16:54.') 
{2014/07/29 16:54:55} [Info] PagSeguroAbandoned.Search( 'Pesquisa de transações abandonadas realizada em 29/07/2014 16:54.') 
{2014/07/29 16:55:46} [Info] PagSeguroAbandoned.Search( 'Pesquisa de transações abandonadas realizada em 29/07/2014 16:55.') 
{2014/07/29 18:18:26} [Info] PagSeguroAbandoned.Search( 'Pesquisa de transações abandonadas realizada em 29/07/2014 18:18.') 
{2014/07/29 18:22:44} [Info] PagSeguroAbandoned.Search( 'Pesquisa de transações abandonadas realizada em 29/07/2014 18:22.') 
{2014/07/29 18:23:07} [Info] PagSeguroAbandoned.Search( 'Pesquisa de transações abandonadas realizada em 29/07/2014 18:23.') 
{2014/07/29 18:23:22} [Info] PagSeguroAbandoned.Search( 'Pesquisa de transações abandonadas realizada em 29/07/2014 18:23.') 
{2014/07/29 18:23:35} [Info] PagSeguroAbandoned.Search( 'Pesquisa de transações abandonadas realizada em 29/07/2014 18:23.') 
{2014/07/29 18:24:11} [Info] PagSeguroAbandoned.Search( 'Pesquisa de transações abandonadas realizada em 29/07/2014 18:24.') 
{2014/07/29 18:25:12} [Info] PagSeguroAbandoned.Search( 'Pesquisa de transações abandonadas realizada em 29/07/2014 18:25.') 
{2014/07/29 18:25:16} [Info] PagSeguroConciliation.Search( 'Pesquisa de conciliação realizada em 29/07/2014 18:25 em um intervalo de 30 dias.') 
{2014/07/29 18:25:16} [Info] PagSeguroTransactionSearchService.SearchByDate(initialDate=2014-06-29T00:00, finalDate=2014-07-29T17:25) - begin 
{2014/07/29 18:25:18} [Info] PagSeguroTransactionSearchService.SearchByDate(initialDate=2014-06-29T00:00, finalDate=2014-07-29T17:25) - end PagSeguroTransactionSearchResult: array (
  'Date' => '2014-07-29T17:25:18.000-03:00',
  'CurrentPage' => '1',
  'TotalPages' => '2',
  'Transactions in this page' => '20',
) 
{2014/07/30 11:16:33} [Info] PagSeguroConciliation.Search( 'Pesquisa de conciliação realizada em 30/07/2014 11:16 em um intervalo de 5 dias.') 
{2014/07/30 11:16:33} [Info] PagSeguroTransactionSearchService.SearchByDate(initialDate=2014-07-25T00:00, finalDate=2014-07-30T10:16) - begin 
{2014/07/30 11:16:38} [Info] PagSeguroTransactionSearchService.SearchByDate(initialDate=2014-07-25T00:00, finalDate=2014-07-30T10:16) - end PagSeguroTransactionSearchResult: array (
  'Date' => '2014-07-30T10:16:37.000-03:00',
  'CurrentPage' => '1',
  'TotalPages' => '1',
  'Transactions in this page' => '3',
) 
